<?xml version="1.0" encoding="UTF-8"?>
<!-- Generated by org.testng.reporters.JUnitXMLReporter -->
<testsuite hostname="jaychh1ld1" ignored="0" name="Running Test on Chrome" tests="3" failures="0" timestamp="27 Sep 2019 11:14:24 GMT" time="34.911" errors="0">
  <testcase name="verifyLogingpagetitle" time="11.4" classname="com.hubspot.appTest.LoginPagetest"/>
  <testcase name="verifyloginwithValiddata" time="12.873" classname="com.hubspot.appTest.LoginPagetest"/>
  <testcase name="verifyloginwithNodata" time="5.321" classname="com.hubspot.appTest.LoginPagetest"/>
</testsuite> <!-- Running Test on Chrome -->
