<?xml version="1.0" encoding="UTF-8"?>
<!-- Generated by org.testng.reporters.JUnitXMLReporter -->
<testsuite hostname="jaychh1ld1" ignored="0" name="Running Test on Firefox" tests="3" failures="0" timestamp="10 Oct 2019 13:24:06 GMT" time="55.324" errors="0">
  <testcase name="verifyLogingpagetitle" time="4.073" classname="com.hubspot.appTest.LoginPagetest"/>
  <testcase name="verifyloginwithValiddata" time="11.986" classname="com.hubspot.appTest.LoginPagetest"/>
  <testcase name="verifyloginwithNodata" time="5.511" classname="com.hubspot.appTest.LoginPagetest"/>
</testsuite> <!-- Running Test on Firefox -->
