<?xml version="1.0" encoding="UTF-8"?>
<!-- Generated by org.testng.reporters.JUnitXMLReporter -->
<testsuite hostname="jaychh1ld1" ignored="0" name="Running Test on Chrome" tests="3" failures="0" timestamp="10 Oct 2019 13:23:11 GMT" time="46.138" errors="0">
  <testcase name="verifyLogingpagetitle" time="14.353" classname="com.hubspot.appTest.LoginPagetest"/>
  <testcase name="verifyloginwithValiddata" time="17.725" classname="com.hubspot.appTest.LoginPagetest"/>
  <testcase name="verifyloginwithNodata" time="5.666" classname="com.hubspot.appTest.LoginPagetest"/>
</testsuite> <!-- Running Test on Chrome -->
