<?xml version="1.0" encoding="UTF-8"?>
<!-- Generated by org.testng.reporters.JUnitXMLReporter -->
<testsuite hostname="jaychh1ld1" ignored="0" name="Running Test on Firefox" tests="3" failures="0" timestamp="27 Sep 2019 11:15:05 GMT" time="41.365" errors="0">
  <testcase name="verifyLogingpagetitle" time="4.063" classname="com.hubspot.appTest.LoginPagetest"/>
  <testcase name="verifyloginwithValiddata" time="12.006" classname="com.hubspot.appTest.LoginPagetest"/>
  <testcase name="verifyloginwithNodata" time="5.475" classname="com.hubspot.appTest.LoginPagetest"/>
</testsuite> <!-- Running Test on Firefox -->
