<?xml version="1.0" encoding="UTF-8"?>
<testng-results skipped="0" failed="0" ignored="0" total="6" passed="6">
  <reporter-output>
  </reporter-output>
  <suite name="Suite" duration-ms="76291" started-at="2019-09-27T11:13:49Z" finished-at="2019-09-27T11:15:05Z">
    <groups>
    </groups>
    <test name="Running Test on Chrome" duration-ms="34911" started-at="2019-09-27T11:13:49Z" finished-at="2019-09-27T11:14:24Z">
      <class name="com.hubspot.appTest.LoginPagetest">
        <test-method status="PASS" signature="setup(java.lang.String)[pri:0, instance:com.hubspot.appTest.LoginPagetest@6eebc39e]" name="setup" is-config="true" duration-ms="2022" started-at="2019-09-27T16:43:49Z" finished-at="2019-09-27T16:43:51Z">
          <params>
            <param index="0">
              <value>
                <![CDATA[chrome]]>
              </value>
            </param>
          </params>
          <reporter-output>
          </reporter-output>
        </test-method> <!-- setup -->
        <test-method status="PASS" signature="verifyLogingpagetitle()[pri:1, instance:com.hubspot.appTest.LoginPagetest@6eebc39e]" name="verifyLogingpagetitle" duration-ms="11400" started-at="2019-09-27T16:43:51Z" finished-at="2019-09-27T16:44:02Z">
          <reporter-output>
          </reporter-output>
        </test-method> <!-- verifyLogingpagetitle -->
        <test-method status="PASS" signature="tearDown()[pri:0, instance:com.hubspot.appTest.LoginPagetest@6eebc39e]" name="tearDown" is-config="true" duration-ms="121" started-at="2019-09-27T16:44:02Z" finished-at="2019-09-27T16:44:03Z">
          <reporter-output>
          </reporter-output>
        </test-method> <!-- tearDown -->
        <test-method status="PASS" signature="setup(java.lang.String)[pri:0, instance:com.hubspot.appTest.LoginPagetest@6eebc39e]" name="setup" is-config="true" duration-ms="1333" started-at="2019-09-27T16:44:03Z" finished-at="2019-09-27T16:44:04Z">
          <params>
            <param index="0">
              <value>
                <![CDATA[chrome]]>
              </value>
            </param>
          </params>
          <reporter-output>
          </reporter-output>
        </test-method> <!-- setup -->
        <test-method status="PASS" signature="verifyloginwithValiddata()[pri:2, instance:com.hubspot.appTest.LoginPagetest@6eebc39e]" name="verifyloginwithValiddata" duration-ms="12873" started-at="2019-09-27T16:44:04Z" finished-at="2019-09-27T16:44:17Z">
          <reporter-output>
          </reporter-output>
        </test-method> <!-- verifyloginwithValiddata -->
        <test-method status="PASS" signature="tearDown()[pri:0, instance:com.hubspot.appTest.LoginPagetest@6eebc39e]" name="tearDown" is-config="true" duration-ms="333" started-at="2019-09-27T16:44:17Z" finished-at="2019-09-27T16:44:17Z">
          <reporter-output>
          </reporter-output>
        </test-method> <!-- tearDown -->
        <test-method status="PASS" signature="setup(java.lang.String)[pri:0, instance:com.hubspot.appTest.LoginPagetest@6eebc39e]" name="setup" is-config="true" duration-ms="1342" started-at="2019-09-27T16:44:17Z" finished-at="2019-09-27T16:44:18Z">
          <params>
            <param index="0">
              <value>
                <![CDATA[chrome]]>
              </value>
            </param>
          </params>
          <reporter-output>
          </reporter-output>
        </test-method> <!-- setup -->
        <test-method status="PASS" signature="verifyloginwithNodata()[pri:3, instance:com.hubspot.appTest.LoginPagetest@6eebc39e]" name="verifyloginwithNodata" duration-ms="5321" started-at="2019-09-27T16:44:18Z" finished-at="2019-09-27T16:44:24Z">
          <reporter-output>
          </reporter-output>
        </test-method> <!-- verifyloginwithNodata -->
        <test-method status="PASS" signature="tearDown()[pri:0, instance:com.hubspot.appTest.LoginPagetest@6eebc39e]" name="tearDown" is-config="true" duration-ms="128" started-at="2019-09-27T16:44:24Z" finished-at="2019-09-27T16:44:24Z">
          <reporter-output>
          </reporter-output>
        </test-method> <!-- tearDown -->
      </class> <!-- com.hubspot.appTest.LoginPagetest -->
    </test> <!-- Running Test on Chrome -->
    <test name="Running Test on Firefox" duration-ms="41365" started-at="2019-09-27T11:14:24Z" finished-at="2019-09-27T11:15:05Z">
      <class name="com.hubspot.appTest.LoginPagetest">
        <test-method status="PASS" signature="setup(java.lang.String)[pri:0, instance:com.hubspot.appTest.LoginPagetest@cb644e]" name="setup" is-config="true" duration-ms="5685" started-at="2019-09-27T16:44:24Z" finished-at="2019-09-27T16:44:30Z">
          <params>
            <param index="0">
              <value>
                <![CDATA[ff]]>
              </value>
            </param>
          </params>
          <reporter-output>
          </reporter-output>
        </test-method> <!-- setup -->
        <test-method status="PASS" signature="verifyLogingpagetitle()[pri:1, instance:com.hubspot.appTest.LoginPagetest@cb644e]" name="verifyLogingpagetitle" duration-ms="4063" started-at="2019-09-27T16:44:30Z" finished-at="2019-09-27T16:44:34Z">
          <reporter-output>
          </reporter-output>
        </test-method> <!-- verifyLogingpagetitle -->
        <test-method status="PASS" signature="tearDown()[pri:0, instance:com.hubspot.appTest.LoginPagetest@cb644e]" name="tearDown" is-config="true" duration-ms="1230" started-at="2019-09-27T16:44:34Z" finished-at="2019-09-27T16:44:35Z">
          <reporter-output>
          </reporter-output>
        </test-method> <!-- tearDown -->
        <test-method status="PASS" signature="setup(java.lang.String)[pri:0, instance:com.hubspot.appTest.LoginPagetest@cb644e]" name="setup" is-config="true" duration-ms="5025" started-at="2019-09-27T16:44:35Z" finished-at="2019-09-27T16:44:40Z">
          <params>
            <param index="0">
              <value>
                <![CDATA[ff]]>
              </value>
            </param>
          </params>
          <reporter-output>
          </reporter-output>
        </test-method> <!-- setup -->
        <test-method status="PASS" signature="verifyloginwithValiddata()[pri:2, instance:com.hubspot.appTest.LoginPagetest@cb644e]" name="verifyloginwithValiddata" duration-ms="12006" started-at="2019-09-27T16:44:40Z" finished-at="2019-09-27T16:44:52Z">
          <reporter-output>
          </reporter-output>
        </test-method> <!-- verifyloginwithValiddata -->
        <test-method status="PASS" signature="tearDown()[pri:0, instance:com.hubspot.appTest.LoginPagetest@cb644e]" name="tearDown" is-config="true" duration-ms="1145" started-at="2019-09-27T16:44:52Z" finished-at="2019-09-27T16:44:53Z">
          <reporter-output>
          </reporter-output>
        </test-method> <!-- tearDown -->
        <test-method status="PASS" signature="setup(java.lang.String)[pri:0, instance:com.hubspot.appTest.LoginPagetest@cb644e]" name="setup" is-config="true" duration-ms="5108" started-at="2019-09-27T16:44:53Z" finished-at="2019-09-27T16:44:58Z">
          <params>
            <param index="0">
              <value>
                <![CDATA[ff]]>
              </value>
            </param>
          </params>
          <reporter-output>
          </reporter-output>
        </test-method> <!-- setup -->
        <test-method status="PASS" signature="verifyloginwithNodata()[pri:3, instance:com.hubspot.appTest.LoginPagetest@cb644e]" name="verifyloginwithNodata" duration-ms="5475" started-at="2019-09-27T16:44:58Z" finished-at="2019-09-27T16:45:04Z">
          <reporter-output>
          </reporter-output>
        </test-method> <!-- verifyloginwithNodata -->
        <test-method status="PASS" signature="tearDown()[pri:0, instance:com.hubspot.appTest.LoginPagetest@cb644e]" name="tearDown" is-config="true" duration-ms="1619" started-at="2019-09-27T16:45:04Z" finished-at="2019-09-27T16:45:05Z">
          <reporter-output>
          </reporter-output>
        </test-method> <!-- tearDown -->
      </class> <!-- com.hubspot.appTest.LoginPagetest -->
    </test> <!-- Running Test on Firefox -->
  </suite> <!-- Suite -->
</testng-results>
