<?xml version="1.0" encoding="UTF-8"?>
<testng-results skipped="0" failed="0" ignored="0" total="1" passed="1">
  <reporter-output>
  </reporter-output>
  <suite name="Default suite" duration-ms="13021" started-at="2019-09-20T11:28:22Z" finished-at="2019-09-20T11:28:35Z">
    <groups>
    </groups>
    <test name="Default test" duration-ms="13021" started-at="2019-09-20T11:28:22Z" finished-at="2019-09-20T11:28:35Z">
      <class name="com.hubspot.appTest.LoginPagetest">
        <test-method status="PASS" signature="setup()[pri:0, instance:com.hubspot.appTest.LoginPagetest@204f30ec]" name="setup" is-config="true" duration-ms="5011" started-at="2019-09-20T16:58:22Z" finished-at="2019-09-20T16:58:27Z">
          <reporter-output>
          </reporter-output>
        </test-method> <!-- setup -->
        <test-method status="PASS" signature="verifyLogingpagetitle()[pri:0, instance:com.hubspot.appTest.LoginPagetest@204f30ec]" name="verifyLogingpagetitle" duration-ms="7900" started-at="2019-09-20T16:58:27Z" finished-at="2019-09-20T16:58:35Z">
          <reporter-output>
          </reporter-output>
        </test-method> <!-- verifyLogingpagetitle -->
        <test-method status="PASS" signature="tearDown()[pri:0, instance:com.hubspot.appTest.LoginPagetest@204f30ec]" name="tearDown" is-config="true" duration-ms="86" started-at="2019-09-20T16:58:35Z" finished-at="2019-09-20T16:58:35Z">
          <reporter-output>
          </reporter-output>
        </test-method> <!-- tearDown -->
      </class> <!-- com.hubspot.appTest.LoginPagetest -->
    </test> <!-- Default test -->
  </suite> <!-- Default suite -->
</testng-results>
